<?xml version="1.0" encoding="UTF-8"?>
<!-- Generated by org.testng.reporters.JUnitReportReporter -->
<testsuite skipped="0" hostname="Roshans-MacBook-Pro.local" name="com.chrome.tests.calctest" tests="1" failures="0" timestamp="19 Apr 2017 22:00:19 GMT" time="1.743" errors="0">
  <testcase name="testCalculator" time="1.743" classname="com.chrome.tests.calctest"/>
</testsuite> <!-- com.chrome.tests.calctest -->
